<?xml version="1.0" encoding="UTF-8"?>
<!-- Generated by org.testng.reporters.JUnitXMLReporter -->
<testsuite ignored="0" hostname="DESKTOP-20SO9CP" failures="0" tests="2" name="Test" time="36.393" errors="0" timestamp="2023-07-27T17:34:40 CEST">
  <testcase classname="vTiger.ContactsTest.CreateContactWithOrganizationTest" name="createContactWithOrganization" time="19.594"/>
  <testcase classname="vTiger.ContactsTest.CreateContactWithOrganizationTest" name="sampleTest" time="0.004"/>
</testsuite> <!-- Test -->
